May 13, 2025 10:11:08 AM Main main
INFO: Inizializzazione del server e della logica di gioco...
May 13, 2025 10:11:08 AM Main initializeGameState
INFO: Stato del gioco trovato. Caricamento in corso...
May 13, 2025 10:11:08 AM Main startServer
INFO: Server avviato correttamente e pronto a gestire le richieste.
May 13, 2025 10:19:30 AM Main main
INFO: Inizializzazione del server e della logica di gioco...
May 13, 2025 10:19:30 AM Main initializeGameState
INFO: Stato del gioco trovato. Caricamento in corso...
May 13, 2025 10:21:38 AM Main main
INFO: Inizializzazione del server e della logica di gioco...
May 13, 2025 10:21:38 AM Main initializeGameState
INFO: Stato del gioco trovato. Caricamento in corso...
May 13, 2025 10:21:38 AM Main startServer
INFO: Server avviato correttamente e pronto a gestire le richieste.
May 13, 2025 10:23:27 AM Main main
INFO: Inizializzazione del server e della logica di gioco...
May 13, 2025 10:23:27 AM Main initializeGameState
INFO: Stato del gioco trovato. Caricamento in corso...
May 13, 2025 10:23:27 AM Main startServer
INFO: Server avviato correttamente e pronto a gestire le richieste.
May 13, 2025 10:24:27 AM Main main
INFO: Inizializzazione del server e della logica di gioco...
May 13, 2025 10:24:27 AM Main initializeGameState
INFO: Stato del gioco trovato. Caricamento in corso...
May 13, 2025 10:24:27 AM Main startServer
INFO: Server avviato correttamente e pronto a gestire le richieste.
May 13, 2025 10:26:13 AM Main main
INFO: Inizializzazione del server e della logica di gioco...
May 13, 2025 10:26:14 AM Main initializeGameState
INFO: Stato del gioco trovato. Caricamento in corso...
May 13, 2025 10:26:14 AM Main startServer
INFO: Server avviato correttamente e pronto a gestire le richieste.
May 13, 2025 10:36:18 AM Main main
INFO: Inizializzazione del server e della logica di gioco...
May 13, 2025 10:36:18 AM Main initializeGameState
INFO: Stato del gioco trovato. Caricamento in corso...
May 13, 2025 10:36:18 AM Main startServer
INFO: Server avviato correttamente e pronto a gestire le richieste.
May 13, 2025 10:37:02 AM Main main
INFO: Inizializzazione del server e della logica di gioco...
May 13, 2025 10:37:03 AM Main initializeGameState
INFO: Stato del gioco trovato. Caricamento in corso...
May 13, 2025 10:37:03 AM Main startServer
INFO: Server avviato correttamente e pronto a gestire le richieste.
May 13, 2025 10:41:49 AM Main main
INFO: Inizializzazione del server e della logica di gioco...
May 13, 2025 10:41:49 AM Main initializeGameState
INFO: Stato del gioco trovato. Caricamento in corso...
May 13, 2025 10:41:49 AM Main startServer
INFO: Server avviato correttamente e pronto a gestire le richieste.
May 13, 2025 10:43:09 AM Main main
INFO: Inizializzazione del server e della logica di gioco...
May 13, 2025 10:43:10 AM Main initializeGameState
INFO: Stato del gioco trovato. Caricamento in corso...
May 13, 2025 10:43:10 AM Main startServer
INFO: Server avviato correttamente e pronto a gestire le richieste.
May 13, 2025 10:45:34 AM Main main
INFO: Inizializzazione del server e della logica di gioco...
May 13, 2025 10:45:34 AM Main initializeGameState
INFO: Stato del gioco trovato. Caricamento in corso...
May 13, 2025 10:45:34 AM Main startServer
INFO: Server avviato correttamente e pronto a gestire le richieste.
May 13, 2025 10:56:58 AM Main main
INFO: Inizializzazione del server e della logica di gioco...
May 13, 2025 10:56:58 AM Main initializeGameState
INFO: Stato del gioco trovato. Caricamento in corso...
May 13, 2025 10:56:58 AM Main startServer
INFO: Server avviato correttamente e pronto a gestire le richieste.
May 14, 2025 12:34:18 PM Main main
INFO: Inizializzazione del server e della logica di gioco...
May 14, 2025 12:34:18 PM Main initializeGameState
INFO: Stato del gioco trovato. Caricamento in corso...
May 14, 2025 12:34:18 PM Main startServer
INFO: Server avviato correttamente e pronto a gestire le richieste.
May 16, 2025 10:03:07 AM Main main
INFO: Inizializzazione del server e della logica di gioco...
May 16, 2025 10:03:07 AM Main initializeGameState
INFO: Stato del gioco trovato. Caricamento in corso...
May 16, 2025 10:03:07 AM Main startServer
INFO: Server avviato correttamente e pronto a gestire le richieste.
May 16, 2025 10:26:22 AM Main main
INFO: Inizializzazione del server e della logica di gioco...
May 16, 2025 10:26:22 AM Main initializeGameState
INFO: Stato del gioco trovato. Caricamento in corso...
May 16, 2025 10:26:22 AM Main startServer
INFO: Server avviato correttamente e pronto a gestire le richieste.
May 17, 2025 10:13:27 AM Main main
INFO: Inizializzazione del server e della logica di gioco...
May 17, 2025 10:13:27 AM Main initializeGameState
INFO: Stato del gioco trovato. Caricamento in corso...
May 17, 2025 10:13:27 AM Main startServer
INFO: Server avviato correttamente e pronto a gestire le richieste.
May 17, 2025 10:13:31 AM Main main
INFO: Inizializzazione del server e della logica di gioco...
May 17, 2025 10:13:31 AM Main initializeGameState
INFO: Stato del gioco trovato. Caricamento in corso...
May 17, 2025 10:13:31 AM Main startServer
INFO: Server avviato correttamente e pronto a gestire le richieste.
May 17, 2025 10:16:09 AM Main main
INFO: Inizializzazione del server e della logica di gioco...
May 17, 2025 10:16:09 AM Main initializeGameState
INFO: Stato del gioco trovato. Caricamento in corso...
May 17, 2025 10:16:09 AM Main startServer
INFO: Server avviato correttamente e pronto a gestire le richieste.
May 17, 2025 10:16:17 AM Main main
INFO: Inizializzazione del server e della logica di gioco...
May 17, 2025 10:16:17 AM Main initializeGameState
INFO: Stato del gioco trovato. Caricamento in corso...
May 17, 2025 10:16:17 AM Main startServer
INFO: Server avviato correttamente e pronto a gestire le richieste.
May 17, 2025 10:16:59 AM Main main
INFO: Inizializzazione del server e della logica di gioco...
May 17, 2025 10:16:59 AM Main initializeGameState
INFO: Stato del gioco trovato. Caricamento in corso...
May 17, 2025 10:16:59 AM Main startServer
INFO: Server avviato correttamente e pronto a gestire le richieste.
May 17, 2025 10:17:05 AM Main main
INFO: Inizializzazione del server e della logica di gioco...
May 17, 2025 10:17:05 AM Main initializeGameState
INFO: Stato del gioco trovato. Caricamento in corso...
May 17, 2025 10:17:05 AM Main startServer
INFO: Server avviato correttamente e pronto a gestire le richieste.
May 17, 2025 10:17:38 AM Main main
INFO: Inizializzazione del server e della logica di gioco...
May 17, 2025 10:17:38 AM Main initializeGameState
INFO: Stato del gioco trovato. Caricamento in corso...
May 17, 2025 10:17:38 AM Main startServer
INFO: Server avviato correttamente e pronto a gestire le richieste.
May 17, 2025 10:18:11 AM Main main
INFO: Inizializzazione del server e della logica di gioco...
May 17, 2025 10:18:11 AM Main initializeGameState
INFO: Stato del gioco trovato. Caricamento in corso...
May 17, 2025 10:18:11 AM Main startServer
INFO: Server avviato correttamente e pronto a gestire le richieste.
May 17, 2025 10:19:52 AM Main main
INFO: Inizializzazione del server e della logica di gioco...
May 17, 2025 10:19:52 AM Main initializeGameState
INFO: Stato del gioco trovato. Caricamento in corso...
May 17, 2025 10:19:52 AM Main startServer
INFO: Server avviato correttamente e pronto a gestire le richieste.
May 17, 2025 10:20:02 AM Main main
INFO: Inizializzazione del server e della logica di gioco...
May 17, 2025 10:20:02 AM Main initializeGameState
INFO: Stato del gioco trovato. Caricamento in corso...
May 17, 2025 10:20:02 AM Main startServer
INFO: Server avviato correttamente e pronto a gestire le richieste.
May 17, 2025 10:20:16 AM Main main
INFO: Inizializzazione del server e della logica di gioco...
May 17, 2025 10:20:16 AM Main initializeGameState
INFO: Stato del gioco trovato. Caricamento in corso...
May 17, 2025 10:20:17 AM Main startServer
INFO: Server avviato correttamente e pronto a gestire le richieste.
May 17, 2025 10:50:22 AM Main main
INFO: Inizializzazione del server e della logica di gioco...
May 17, 2025 10:50:22 AM Main initializeGameState
INFO: Stato del gioco trovato. Caricamento in corso...
May 17, 2025 10:50:22 AM Main startServer
INFO: Server avviato correttamente e pronto a gestire le richieste.
May 17, 2025 10:50:37 AM Main main
INFO: Inizializzazione del server e della logica di gioco...
May 17, 2025 10:50:37 AM Main initializeGameState
INFO: Stato del gioco trovato. Caricamento in corso...
May 17, 2025 10:50:37 AM Main startServer
INFO: Server avviato correttamente e pronto a gestire le richieste.
May 17, 2025 10:51:14 AM Main main
INFO: Inizializzazione del server e della logica di gioco...
May 17, 2025 10:51:14 AM Main initializeGameState
INFO: Stato del gioco trovato. Caricamento in corso...
May 17, 2025 10:51:14 AM Main startServer
INFO: Server avviato correttamente e pronto a gestire le richieste.
May 17, 2025 10:51:25 AM Main main
INFO: Inizializzazione del server e della logica di gioco...
May 17, 2025 10:51:25 AM Main initializeGameState
INFO: Stato del gioco trovato. Caricamento in corso...
May 17, 2025 10:51:25 AM Main startServer
INFO: Server avviato correttamente e pronto a gestire le richieste.
May 17, 2025 10:53:37 AM Main main
INFO: Inizializzazione del server e della logica di gioco...
May 17, 2025 10:53:37 AM Main initializeGameState
INFO: Stato del gioco trovato. Caricamento in corso...
May 17, 2025 10:53:37 AM Main startServer
INFO: Server avviato correttamente e pronto a gestire le richieste.
May 17, 2025 10:53:47 AM Main main
INFO: Inizializzazione del server e della logica di gioco...
May 17, 2025 10:53:47 AM Main initializeGameState
INFO: Stato del gioco trovato. Caricamento in corso...
May 17, 2025 10:53:47 AM Main startServer
INFO: Server avviato correttamente e pronto a gestire le richieste.
May 17, 2025 10:56:36 AM Main main
INFO: Inizializzazione del server e della logica di gioco...
May 17, 2025 10:56:36 AM Main initializeGameState
INFO: Stato del gioco trovato. Caricamento in corso...
May 17, 2025 10:56:36 AM Main startServer
INFO: Server avviato correttamente e pronto a gestire le richieste.
May 17, 2025 10:58:37 AM Main main
INFO: Inizializzazione del server e della logica di gioco...
May 17, 2025 10:58:37 AM Main initializeGameState
INFO: Stato del gioco trovato. Caricamento in corso...
May 17, 2025 10:58:37 AM Main startServer
INFO: Server avviato correttamente e pronto a gestire le richieste.
May 17, 2025 10:58:50 AM Main main
INFO: Inizializzazione del server e della logica di gioco...
May 17, 2025 10:58:50 AM Main initializeGameState
INFO: Stato del gioco trovato. Caricamento in corso...
May 17, 2025 10:58:50 AM Main startServer
INFO: Server avviato correttamente e pronto a gestire le richieste.
May 17, 2025 10:59:08 AM Main main
INFO: Inizializzazione del server e della logica di gioco...
May 17, 2025 10:59:09 AM Main initializeGameState
INFO: Stato del gioco trovato. Caricamento in corso...
May 17, 2025 10:59:09 AM Main startServer
INFO: Server avviato correttamente e pronto a gestire le richieste.
May 17, 2025 10:59:20 AM Main main
INFO: Inizializzazione del server e della logica di gioco...
May 17, 2025 10:59:20 AM Main initializeGameState
INFO: Stato del gioco trovato. Caricamento in corso...
May 17, 2025 10:59:20 AM Main startServer
INFO: Server avviato correttamente e pronto a gestire le richieste.
May 17, 2025 10:59:29 AM Main main
INFO: Inizializzazione del server e della logica di gioco...
May 17, 2025 10:59:29 AM Main initializeGameState
INFO: Stato del gioco trovato. Caricamento in corso...
May 17, 2025 10:59:29 AM Main startServer
INFO: Server avviato correttamente e pronto a gestire le richieste.
May 17, 2025 10:59:45 AM Main main
INFO: Inizializzazione del server e della logica di gioco...
May 17, 2025 10:59:45 AM Main initializeGameState
INFO: Stato del gioco trovato. Caricamento in corso...
May 17, 2025 10:59:45 AM Main startServer
INFO: Server avviato correttamente e pronto a gestire le richieste.
May 17, 2025 10:59:55 AM Main main
INFO: Inizializzazione del server e della logica di gioco...
May 17, 2025 10:59:56 AM Main initializeGameState
INFO: Stato del gioco trovato. Caricamento in corso...
May 17, 2025 10:59:56 AM Main startServer
INFO: Server avviato correttamente e pronto a gestire le richieste.
May 17, 2025 11:02:27 AM Main main
INFO: Inizializzazione del server e della logica di gioco...
May 17, 2025 11:02:27 AM Main initializeGameState
INFO: Stato del gioco trovato. Caricamento in corso...
May 17, 2025 11:02:27 AM Main startServer
INFO: Server avviato correttamente e pronto a gestire le richieste.
May 17, 2025 11:02:50 AM Main main
INFO: Inizializzazione del server e della logica di gioco...
May 17, 2025 11:02:50 AM Main initializeGameState
INFO: Stato del gioco trovato. Caricamento in corso...
May 17, 2025 11:02:51 AM Main startServer
INFO: Server avviato correttamente e pronto a gestire le richieste.
May 20, 2025 6:26:07 PM Main main
INFO: Inizializzazione del server e della logica di gioco...
May 20, 2025 6:26:08 PM Main initializeGameState
INFO: Stato del gioco trovato. Caricamento in corso...
May 20, 2025 6:26:08 PM Main startServer
INFO: Server avviato correttamente e pronto a gestire le richieste.
May 20, 2025 6:50:39 PM Main main
INFO: Inizializzazione del server e della logica di gioco...
May 20, 2025 6:50:40 PM Main initializeGameState
INFO: Stato del gioco trovato. Caricamento in corso...
May 20, 2025 6:50:40 PM Main startServer
INFO: Server avviato correttamente e pronto a gestire le richieste.
May 28, 2025 5:25:28 PM Main main
INFO: Inizializzazione del server e della logica di gioco...
May 28, 2025 5:25:28 PM Main initializeGameState
INFO: Stato del gioco trovato. Caricamento in corso...
May 28, 2025 5:25:28 PM Main startServer
INFO: Server avviato correttamente e pronto a gestire le richieste.
May 28, 2025 5:25:44 PM server.ServerManager lambda$startServer$4
INFO: Richiesta di riavvio del gioco ricevuta.
May 28, 2025 5:25:44 PM server.ServerManager lambda$startServer$4
INFO: Motore fisico riavviato.
May 28, 2025 5:25:44 PM server.ServerManager lambda$startServer$4
INFO: Timer del gioco riavviato.
May 28, 2025 5:26:51 PM server.ServerManager lambda$startServer$4
INFO: Richiesta di riavvio del gioco ricevuta.
May 28, 2025 5:26:51 PM server.ServerManager lambda$startServer$4
INFO: Motore fisico riavviato.
May 28, 2025 5:26:51 PM server.ServerManager lambda$startServer$4
INFO: Timer del gioco riavviato.
set 19, 2025 11:20:37 AM Main main
INFO: Inizializzazione del server e della logica di gioco...
set 19, 2025 11:20:37 AM Main initializeGameState
INFO: Stato del gioco trovato. Caricamento in corso...
set 19, 2025 11:20:37 AM util.GameUtils lambda$0
INFO: Tempo rimanente: 50 secondi
set 19, 2025 11:20:37 AM Main startServer
INFO: Server avviato correttamente e pronto a gestire le richieste.
set 19, 2025 11:20:38 AM util.GameUtils lambda$0
INFO: Tempo rimanente: 49 secondi
set 19, 2025 11:20:39 AM util.GameUtils lambda$0
INFO: Tempo rimanente: 48 secondi
set 19, 2025 11:20:40 AM util.GameUtils lambda$0
INFO: Tempo rimanente: 47 secondi
set 19, 2025 11:20:41 AM util.GameUtils lambda$0
INFO: Tempo rimanente: 46 secondi
set 19, 2025 11:20:42 AM util.GameUtils lambda$0
INFO: Tempo rimanente: 45 secondi
set 19, 2025 11:20:43 AM util.GameUtils lambda$0
INFO: Tempo rimanente: 44 secondi
set 19, 2025 11:20:44 AM util.GameUtils lambda$0
INFO: Tempo rimanente: 43 secondi
set 19, 2025 11:21:05 AM Main main
INFO: Inizializzazione del server e della logica di gioco...
set 19, 2025 11:21:05 AM Main initializeGameState
INFO: Stato del gioco trovato. Caricamento in corso...
set 19, 2025 11:21:05 AM util.GameUtils lambda$0
INFO: Tempo rimanente: 50 secondi
set 19, 2025 11:21:05 AM Main startServer
INFO: Server avviato correttamente e pronto a gestire le richieste.
set 19, 2025 11:21:06 AM util.GameUtils lambda$0
INFO: Tempo rimanente: 49 secondi
set 19, 2025 11:21:07 AM util.GameUtils lambda$0
INFO: Tempo rimanente: 48 secondi
set 19, 2025 11:21:08 AM util.GameUtils lambda$0
INFO: Tempo rimanente: 47 secondi
set 19, 2025 11:21:09 AM util.GameUtils lambda$0
INFO: Tempo rimanente: 46 secondi
set 19, 2025 11:21:10 AM util.GameUtils lambda$0
INFO: Tempo rimanente: 45 secondi
set 19, 2025 11:21:11 AM util.GameUtils lambda$0
INFO: Tempo rimanente: 44 secondi
set 19, 2025 11:21:12 AM util.GameUtils lambda$0
INFO: Tempo rimanente: 43 secondi
set 19, 2025 11:21:13 AM util.GameUtils lambda$0
INFO: Tempo rimanente: 42 secondi
set 19, 2025 11:21:14 AM util.GameUtils lambda$0
INFO: Tempo rimanente: 41 secondi
set 19, 2025 11:21:15 AM util.GameUtils lambda$0
INFO: Tempo rimanente: 40 secondi
set 19, 2025 11:21:16 AM util.GameUtils lambda$0
INFO: Tempo rimanente: 39 secondi
set 19, 2025 11:21:17 AM util.GameUtils lambda$0
INFO: Tempo rimanente: 38 secondi
set 19, 2025 11:21:18 AM util.GameUtils lambda$0
INFO: Tempo rimanente: 37 secondi
set 19, 2025 11:21:19 AM util.GameUtils lambda$0
INFO: Tempo rimanente: 36 secondi
set 19, 2025 11:21:20 AM util.GameUtils lambda$0
INFO: Tempo rimanente: 35 secondi
set 19, 2025 11:21:21 AM util.GameUtils lambda$0
INFO: Tempo rimanente: 34 secondi
set 19, 2025 11:21:22 AM util.GameUtils lambda$0
INFO: Tempo rimanente: 33 secondi
set 19, 2025 11:21:23 AM util.GameUtils lambda$0
INFO: Tempo rimanente: 32 secondi
set 19, 2025 11:21:24 AM util.GameUtils lambda$0
INFO: Tempo rimanente: 31 secondi
set 19, 2025 11:21:25 AM util.GameUtils lambda$0
INFO: Tempo rimanente: 30 secondi
set 19, 2025 11:21:26 AM util.GameUtils lambda$0
INFO: Tempo rimanente: 29 secondi
set 19, 2025 11:21:27 AM util.GameUtils lambda$0
INFO: Tempo rimanente: 28 secondi
set 19, 2025 11:21:28 AM util.GameUtils lambda$0
INFO: Tempo rimanente: 27 secondi
set 19, 2025 11:21:29 AM util.GameUtils lambda$0
INFO: Tempo rimanente: 26 secondi
set 19, 2025 11:21:30 AM util.GameUtils lambda$0
INFO: Tempo rimanente: 25 secondi
set 19, 2025 11:21:31 AM util.GameUtils lambda$0
INFO: Tempo rimanente: 24 secondi
set 19, 2025 11:21:32 AM util.GameUtils lambda$0
INFO: Tempo rimanente: 23 secondi
set 19, 2025 11:21:33 AM util.GameUtils lambda$0
INFO: Tempo rimanente: 22 secondi
set 19, 2025 11:21:34 AM util.GameUtils lambda$0
INFO: Tempo rimanente: 21 secondi
set 19, 2025 11:21:35 AM util.GameUtils lambda$0
INFO: Tempo rimanente: 20 secondi
set 19, 2025 11:21:36 AM util.GameUtils lambda$0
INFO: Tempo rimanente: 19 secondi
set 19, 2025 11:21:37 AM util.GameUtils lambda$0
INFO: Tempo rimanente: 18 secondi
set 19, 2025 11:21:38 AM util.GameUtils lambda$0
INFO: Tempo rimanente: 17 secondi
set 19, 2025 11:21:40 AM util.GameUtils lambda$0
INFO: Tempo rimanente: 16 secondi
set 19, 2025 11:21:41 AM util.GameUtils lambda$0
INFO: Tempo rimanente: 15 secondi
set 19, 2025 11:21:42 AM util.GameUtils lambda$0
INFO: Tempo rimanente: 14 secondi
set 19, 2025 11:21:43 AM util.GameUtils lambda$0
INFO: Tempo rimanente: 13 secondi
set 19, 2025 11:21:44 AM util.GameUtils lambda$0
INFO: Tempo rimanente: 12 secondi
set 19, 2025 11:21:45 AM util.GameUtils lambda$0
INFO: Tempo rimanente: 11 secondi
set 19, 2025 11:21:46 AM util.GameUtils lambda$0
INFO: Tempo rimanente: 10 secondi
set 19, 2025 11:21:47 AM util.GameUtils lambda$0
INFO: Tempo rimanente: 9 secondi
set 19, 2025 11:21:48 AM util.GameUtils lambda$0
INFO: Tempo rimanente: 8 secondi
set 19, 2025 11:21:49 AM util.GameUtils lambda$0
INFO: Tempo rimanente: 7 secondi
set 19, 2025 11:21:50 AM util.GameUtils lambda$0
INFO: Tempo rimanente: 6 secondi
set 19, 2025 11:21:51 AM util.GameUtils lambda$0
INFO: Tempo rimanente: 5 secondi
set 19, 2025 11:21:52 AM util.GameUtils lambda$0
INFO: Tempo rimanente: 4 secondi
set 19, 2025 11:21:53 AM util.GameUtils lambda$0
INFO: Tempo rimanente: 3 secondi
set 19, 2025 11:21:54 AM util.GameUtils lambda$0
INFO: Tempo rimanente: 2 secondi
set 19, 2025 11:21:55 AM util.GameUtils lambda$0
INFO: Tempo rimanente: 1 secondi
set 19, 2025 11:25:10 AM Main main
INFO: Inizializzazione del server e della logica di gioco...
set 19, 2025 11:25:10 AM Main initializeGameState
INFO: Stato del gioco trovato. Caricamento in corso...
set 19, 2025 11:25:10 AM util.GameUtils lambda$0
INFO: Tempo rimanente: 50 secondi
set 19, 2025 11:25:10 AM Main startServer
INFO: Server avviato correttamente e pronto a gestire le richieste.
set 19, 2025 11:25:11 AM util.GameUtils lambda$0
INFO: Tempo rimanente: 49 secondi
set 19, 2025 11:25:12 AM util.GameUtils lambda$0
INFO: Tempo rimanente: 48 secondi
set 19, 2025 11:25:13 AM util.GameUtils lambda$0
INFO: Tempo rimanente: 47 secondi
set 19, 2025 11:25:14 AM util.GameUtils lambda$0
INFO: Tempo rimanente: 46 secondi
set 19, 2025 11:25:15 AM util.GameUtils lambda$0
INFO: Tempo rimanente: 45 secondi
set 19, 2025 11:25:16 AM util.GameUtils lambda$0
INFO: Tempo rimanente: 44 secondi
set 19, 2025 11:25:17 AM util.GameUtils lambda$0
INFO: Tempo rimanente: 43 secondi
set 19, 2025 11:25:18 AM util.GameUtils lambda$0
INFO: Tempo rimanente: 42 secondi
set 19, 2025 11:25:19 AM util.GameUtils lambda$0
INFO: Tempo rimanente: 41 secondi
set 19, 2025 11:25:22 AM Main main
INFO: Inizializzazione del server e della logica di gioco...
set 19, 2025 11:25:22 AM Main initializeGameState
INFO: Stato del gioco trovato. Caricamento in corso...
set 19, 2025 11:25:22 AM util.GameUtils lambda$0
INFO: Tempo rimanente: 50 secondi
set 19, 2025 11:25:22 AM Main startServer
INFO: Server avviato correttamente e pronto a gestire le richieste.
set 19, 2025 11:25:23 AM util.GameUtils lambda$0
INFO: Tempo rimanente: 49 secondi
set 19, 2025 11:25:24 AM util.GameUtils lambda$0
INFO: Tempo rimanente: 48 secondi
set 19, 2025 11:25:25 AM util.GameUtils lambda$0
INFO: Tempo rimanente: 47 secondi
set 19, 2025 11:25:26 AM util.GameUtils lambda$0
INFO: Tempo rimanente: 46 secondi
set 19, 2025 11:25:27 AM util.GameUtils lambda$0
INFO: Tempo rimanente: 45 secondi
set 19, 2025 11:25:28 AM util.GameUtils lambda$0
INFO: Tempo rimanente: 44 secondi
set 19, 2025 11:25:29 AM util.GameUtils lambda$0
INFO: Tempo rimanente: 43 secondi
set 19, 2025 11:25:30 AM util.GameUtils lambda$0
INFO: Tempo rimanente: 42 secondi
set 19, 2025 11:25:31 AM util.GameUtils lambda$0
INFO: Tempo rimanente: 41 secondi
set 19, 2025 11:25:32 AM util.GameUtils lambda$0
INFO: Tempo rimanente: 40 secondi
set 19, 2025 11:25:33 AM util.GameUtils lambda$0
INFO: Tempo rimanente: 39 secondi
set 19, 2025 11:25:34 AM util.GameUtils lambda$0
INFO: Tempo rimanente: 38 secondi
set 19, 2025 11:25:35 AM util.GameUtils lambda$0
INFO: Tempo rimanente: 37 secondi
set 19, 2025 11:25:36 AM util.GameUtils lambda$0
INFO: Tempo rimanente: 36 secondi
set 19, 2025 11:25:37 AM util.GameUtils lambda$0
INFO: Tempo rimanente: 35 secondi
set 19, 2025 11:25:38 AM util.GameUtils lambda$0
INFO: Tempo rimanente: 34 secondi
set 19, 2025 11:25:39 AM util.GameUtils lambda$0
INFO: Tempo rimanente: 33 secondi
set 19, 2025 11:25:40 AM util.GameUtils lambda$0
INFO: Tempo rimanente: 32 secondi
set 19, 2025 11:25:41 AM util.GameUtils lambda$0
INFO: Tempo rimanente: 31 secondi
set 19, 2025 11:25:42 AM util.GameUtils lambda$0
INFO: Tempo rimanente: 30 secondi
set 19, 2025 11:25:43 AM util.GameUtils lambda$0
INFO: Tempo rimanente: 29 secondi
set 19, 2025 11:25:44 AM util.GameUtils lambda$0
INFO: Tempo rimanente: 28 secondi
set 19, 2025 11:25:45 AM util.GameUtils lambda$0
INFO: Tempo rimanente: 27 secondi
set 19, 2025 11:25:46 AM util.GameUtils lambda$0
INFO: Tempo rimanente: 26 secondi
set 19, 2025 11:25:47 AM util.GameUtils lambda$0
INFO: Tempo rimanente: 25 secondi
set 19, 2025 11:25:48 AM util.GameUtils lambda$0
INFO: Tempo rimanente: 24 secondi
set 19, 2025 11:25:49 AM util.GameUtils lambda$0
INFO: Tempo rimanente: 23 secondi
set 19, 2025 11:25:50 AM util.GameUtils lambda$0
INFO: Tempo rimanente: 22 secondi
set 19, 2025 11:25:51 AM util.GameUtils lambda$0
INFO: Tempo rimanente: 21 secondi
set 19, 2025 11:25:52 AM util.GameUtils lambda$0
INFO: Tempo rimanente: 20 secondi
set 19, 2025 11:25:53 AM util.GameUtils lambda$0
INFO: Tempo rimanente: 19 secondi
set 19, 2025 11:25:54 AM util.GameUtils lambda$0
INFO: Tempo rimanente: 18 secondi
set 19, 2025 11:25:55 AM util.GameUtils lambda$0
INFO: Tempo rimanente: 17 secondi
set 19, 2025 11:25:56 AM util.GameUtils lambda$0
INFO: Tempo rimanente: 16 secondi
set 19, 2025 11:25:57 AM util.GameUtils lambda$0
INFO: Tempo rimanente: 15 secondi
set 19, 2025 11:25:58 AM util.GameUtils lambda$0
INFO: Tempo rimanente: 14 secondi
set 19, 2025 11:25:59 AM util.GameUtils lambda$0
INFO: Tempo rimanente: 13 secondi
set 19, 2025 11:26:00 AM util.GameUtils lambda$0
INFO: Tempo rimanente: 12 secondi
set 19, 2025 11:26:01 AM util.GameUtils lambda$0
INFO: Tempo rimanente: 11 secondi
set 19, 2025 11:26:02 AM util.GameUtils lambda$0
INFO: Tempo rimanente: 10 secondi
set 19, 2025 11:26:03 AM util.GameUtils lambda$0
INFO: Tempo rimanente: 9 secondi
set 19, 2025 11:26:04 AM util.GameUtils lambda$0
INFO: Tempo rimanente: 8 secondi
set 19, 2025 11:26:05 AM util.GameUtils lambda$0
INFO: Tempo rimanente: 7 secondi
set 19, 2025 11:26:06 AM util.GameUtils lambda$0
INFO: Tempo rimanente: 6 secondi
set 19, 2025 11:26:07 AM util.GameUtils lambda$0
INFO: Tempo rimanente: 5 secondi
set 19, 2025 11:26:08 AM util.GameUtils lambda$0
INFO: Tempo rimanente: 4 secondi
set 19, 2025 11:26:09 AM util.GameUtils lambda$0
INFO: Tempo rimanente: 3 secondi
set 19, 2025 11:26:10 AM util.GameUtils lambda$0
INFO: Tempo rimanente: 2 secondi
set 19, 2025 11:26:11 AM util.GameUtils lambda$0
INFO: Tempo rimanente: 1 secondi
set 19, 2025 11:26:16 AM Main main
INFO: Inizializzazione del server e della logica di gioco...
set 19, 2025 11:26:16 AM Main initializeGameState
INFO: Stato del gioco trovato. Caricamento in corso...
set 19, 2025 11:26:16 AM util.GameUtils lambda$0
INFO: Tempo rimanente: 50 secondi
set 19, 2025 11:26:16 AM Main startServer
INFO: Server avviato correttamente e pronto a gestire le richieste.
set 19, 2025 11:26:17 AM util.GameUtils lambda$0
INFO: Tempo rimanente: 49 secondi
set 19, 2025 11:26:18 AM util.GameUtils lambda$0
INFO: Tempo rimanente: 48 secondi
set 19, 2025 11:26:19 AM util.GameUtils lambda$0
INFO: Tempo rimanente: 47 secondi
set 19, 2025 11:26:20 AM util.GameUtils lambda$0
INFO: Tempo rimanente: 46 secondi
set 19, 2025 11:26:21 AM util.GameUtils lambda$0
INFO: Tempo rimanente: 45 secondi
set 19, 2025 11:26:22 AM util.GameUtils lambda$0
INFO: Tempo rimanente: 44 secondi
set 19, 2025 11:26:23 AM util.GameUtils lambda$0
INFO: Tempo rimanente: 43 secondi
set 19, 2025 11:26:24 AM util.GameUtils lambda$0
INFO: Tempo rimanente: 42 secondi
set 19, 2025 11:26:25 AM util.GameUtils lambda$0
INFO: Tempo rimanente: 41 secondi
set 19, 2025 11:26:26 AM util.GameUtils lambda$0
INFO: Tempo rimanente: 40 secondi
set 19, 2025 11:26:27 AM util.GameUtils lambda$0
INFO: Tempo rimanente: 39 secondi
set 19, 2025 11:26:28 AM util.GameUtils lambda$0
INFO: Tempo rimanente: 38 secondi
set 19, 2025 11:26:29 AM util.GameUtils lambda$0
INFO: Tempo rimanente: 37 secondi
set 19, 2025 11:26:30 AM util.GameUtils lambda$0
INFO: Tempo rimanente: 36 secondi
set 19, 2025 11:26:31 AM util.GameUtils lambda$0
INFO: Tempo rimanente: 35 secondi
set 19, 2025 11:26:32 AM util.GameUtils lambda$0
INFO: Tempo rimanente: 34 secondi
set 19, 2025 11:26:33 AM util.GameUtils lambda$0
INFO: Tempo rimanente: 33 secondi
set 19, 2025 11:26:34 AM util.GameUtils lambda$0
INFO: Tempo rimanente: 32 secondi
set 19, 2025 11:26:35 AM util.GameUtils lambda$0
INFO: Tempo rimanente: 31 secondi
set 19, 2025 11:26:36 AM util.GameUtils lambda$0
INFO: Tempo rimanente: 30 secondi
set 19, 2025 11:26:37 AM util.GameUtils lambda$0
INFO: Tempo rimanente: 29 secondi
set 19, 2025 11:26:38 AM util.GameUtils lambda$0
INFO: Tempo rimanente: 28 secondi
set 19, 2025 11:26:39 AM util.GameUtils lambda$0
INFO: Tempo rimanente: 27 secondi
set 19, 2025 11:26:40 AM util.GameUtils lambda$0
INFO: Tempo rimanente: 26 secondi
set 19, 2025 11:26:41 AM util.GameUtils lambda$0
INFO: Tempo rimanente: 25 secondi
set 19, 2025 11:26:42 AM util.GameUtils lambda$0
INFO: Tempo rimanente: 24 secondi
set 19, 2025 11:26:43 AM util.GameUtils lambda$0
INFO: Tempo rimanente: 23 secondi
set 19, 2025 11:26:44 AM util.GameUtils lambda$0
INFO: Tempo rimanente: 22 secondi
set 19, 2025 11:26:45 AM util.GameUtils lambda$0
INFO: Tempo rimanente: 21 secondi
set 19, 2025 11:26:46 AM util.GameUtils lambda$0
INFO: Tempo rimanente: 20 secondi
set 19, 2025 11:26:47 AM util.GameUtils lambda$0
INFO: Tempo rimanente: 19 secondi
set 19, 2025 11:26:48 AM util.GameUtils lambda$0
INFO: Tempo rimanente: 18 secondi
set 19, 2025 11:26:49 AM util.GameUtils lambda$0
INFO: Tempo rimanente: 17 secondi
set 19, 2025 11:26:50 AM util.GameUtils lambda$0
INFO: Tempo rimanente: 16 secondi
set 19, 2025 11:26:51 AM util.GameUtils lambda$0
INFO: Tempo rimanente: 15 secondi
set 19, 2025 11:26:52 AM util.GameUtils lambda$0
INFO: Tempo rimanente: 14 secondi
set 19, 2025 11:26:53 AM util.GameUtils lambda$0
INFO: Tempo rimanente: 13 secondi
set 19, 2025 11:26:54 AM util.GameUtils lambda$0
INFO: Tempo rimanente: 12 secondi
set 19, 2025 11:26:55 AM util.GameUtils lambda$0
INFO: Tempo rimanente: 11 secondi
set 19, 2025 11:26:56 AM util.GameUtils lambda$0
INFO: Tempo rimanente: 10 secondi
set 19, 2025 11:26:57 AM util.GameUtils lambda$0
INFO: Tempo rimanente: 9 secondi
set 19, 2025 11:26:58 AM util.GameUtils lambda$0
INFO: Tempo rimanente: 8 secondi
set 19, 2025 11:26:59 AM util.GameUtils lambda$0
INFO: Tempo rimanente: 7 secondi
set 19, 2025 11:27:00 AM util.GameUtils lambda$0
INFO: Tempo rimanente: 6 secondi
set 19, 2025 11:27:01 AM util.GameUtils lambda$0
INFO: Tempo rimanente: 5 secondi
set 19, 2025 11:27:02 AM util.GameUtils lambda$0
INFO: Tempo rimanente: 4 secondi
set 19, 2025 11:27:03 AM util.GameUtils lambda$0
INFO: Tempo rimanente: 3 secondi
set 19, 2025 11:27:04 AM util.GameUtils lambda$0
INFO: Tempo rimanente: 2 secondi
set 19, 2025 11:27:05 AM util.GameUtils lambda$0
INFO: Tempo rimanente: 1 secondi
set 19, 2025 11:27:31 AM Main main
INFO: Inizializzazione del server e della logica di gioco...
set 19, 2025 11:27:31 AM Main initializeGameState
INFO: Stato del gioco trovato. Caricamento in corso...
set 19, 2025 11:27:31 AM util.GameUtils lambda$0
INFO: Tempo rimanente: 50 secondi
set 19, 2025 11:27:31 AM Main startServer
INFO: Server avviato correttamente e pronto a gestire le richieste.
set 19, 2025 11:27:32 AM util.GameUtils lambda$0
INFO: Tempo rimanente: 49 secondi
set 19, 2025 11:27:33 AM util.GameUtils lambda$0
INFO: Tempo rimanente: 48 secondi
set 19, 2025 11:27:34 AM util.GameUtils lambda$0
INFO: Tempo rimanente: 47 secondi
set 19, 2025 11:27:35 AM util.GameUtils lambda$0
INFO: Tempo rimanente: 46 secondi
set 19, 2025 11:27:37 AM util.GameUtils lambda$0
INFO: Tempo rimanente: 45 secondi
set 19, 2025 11:27:38 AM util.GameUtils lambda$0
INFO: Tempo rimanente: 44 secondi
set 19, 2025 11:27:39 AM util.GameUtils lambda$0
INFO: Tempo rimanente: 43 secondi
set 19, 2025 11:27:40 AM util.GameUtils lambda$0
INFO: Tempo rimanente: 42 secondi
set 19, 2025 11:27:41 AM util.GameUtils lambda$0
INFO: Tempo rimanente: 41 secondi
set 19, 2025 11:27:42 AM util.GameUtils lambda$0
INFO: Tempo rimanente: 40 secondi
set 19, 2025 11:27:43 AM util.GameUtils lambda$0
INFO: Tempo rimanente: 39 secondi
set 19, 2025 11:27:44 AM util.GameUtils lambda$0
INFO: Tempo rimanente: 38 secondi
set 19, 2025 11:27:45 AM util.GameUtils lambda$0
INFO: Tempo rimanente: 37 secondi
set 19, 2025 11:27:46 AM util.GameUtils lambda$0
INFO: Tempo rimanente: 36 secondi
set 19, 2025 11:27:47 AM util.GameUtils lambda$0
INFO: Tempo rimanente: 35 secondi
set 19, 2025 11:27:48 AM util.GameUtils lambda$0
INFO: Tempo rimanente: 34 secondi
set 19, 2025 11:27:49 AM util.GameUtils lambda$0
INFO: Tempo rimanente: 33 secondi
set 19, 2025 11:27:50 AM util.GameUtils lambda$0
INFO: Tempo rimanente: 32 secondi
set 19, 2025 11:27:51 AM util.GameUtils lambda$0
INFO: Tempo rimanente: 31 secondi
set 19, 2025 11:27:52 AM util.GameUtils lambda$0
INFO: Tempo rimanente: 30 secondi
set 19, 2025 11:27:53 AM util.GameUtils lambda$0
INFO: Tempo rimanente: 29 secondi
set 19, 2025 11:27:54 AM util.GameUtils lambda$0
INFO: Tempo rimanente: 28 secondi
set 19, 2025 11:27:55 AM util.GameUtils lambda$0
INFO: Tempo rimanente: 27 secondi
set 19, 2025 11:27:56 AM util.GameUtils lambda$0
INFO: Tempo rimanente: 26 secondi
set 19, 2025 11:27:57 AM util.GameUtils lambda$0
INFO: Tempo rimanente: 25 secondi
set 19, 2025 11:27:58 AM util.GameUtils lambda$0
INFO: Tempo rimanente: 24 secondi
set 19, 2025 11:27:59 AM util.GameUtils lambda$0
INFO: Tempo rimanente: 23 secondi
set 19, 2025 11:28:00 AM util.GameUtils lambda$0
INFO: Tempo rimanente: 22 secondi
set 19, 2025 11:28:01 AM util.GameUtils lambda$0
INFO: Tempo rimanente: 21 secondi
set 19, 2025 11:28:02 AM util.GameUtils lambda$0
INFO: Tempo rimanente: 20 secondi
set 19, 2025 11:28:03 AM util.GameUtils lambda$0
INFO: Tempo rimanente: 19 secondi
set 19, 2025 11:28:04 AM util.GameUtils lambda$0
INFO: Tempo rimanente: 18 secondi
set 19, 2025 11:28:05 AM util.GameUtils lambda$0
INFO: Tempo rimanente: 17 secondi
set 19, 2025 11:28:05 AM server.ServerManager lambda$4
INFO: Richiesta di riavvio del gioco ricevuta.
set 19, 2025 11:28:05 AM server.ServerManager lambda$4
INFO: Motore fisico riavviato.
set 19, 2025 11:28:05 AM server.ServerManager lambda$4
INFO: Timer del gioco riavviato.
set 19, 2025 11:28:05 AM util.GameUtils lambda$0
INFO: Tempo rimanente: 60 secondi
set 19, 2025 11:28:06 AM util.GameUtils lambda$0
INFO: Tempo rimanente: 16 secondi
set 19, 2025 11:28:06 AM util.GameUtils lambda$0
INFO: Tempo rimanente: 59 secondi
set 19, 2025 11:28:07 AM util.GameUtils lambda$0
INFO: Tempo rimanente: 15 secondi
set 19, 2025 11:28:07 AM util.GameUtils lambda$0
INFO: Tempo rimanente: 58 secondi
set 19, 2025 11:28:08 AM util.GameUtils lambda$0
INFO: Tempo rimanente: 14 secondi
set 19, 2025 11:28:08 AM util.GameUtils lambda$0
INFO: Tempo rimanente: 57 secondi
set 19, 2025 11:28:09 AM util.GameUtils lambda$0
INFO: Tempo rimanente: 13 secondi
set 19, 2025 11:28:09 AM util.GameUtils lambda$0
INFO: Tempo rimanente: 56 secondi
set 19, 2025 11:28:10 AM util.GameUtils lambda$0
INFO: Tempo rimanente: 12 secondi
set 19, 2025 11:28:10 AM util.GameUtils lambda$0
INFO: Tempo rimanente: 55 secondi
set 19, 2025 11:28:11 AM util.GameUtils lambda$0
INFO: Tempo rimanente: 11 secondi
set 19, 2025 11:28:11 AM util.GameUtils lambda$0
INFO: Tempo rimanente: 54 secondi
set 19, 2025 11:28:12 AM util.GameUtils lambda$0
INFO: Tempo rimanente: 10 secondi
set 19, 2025 11:28:12 AM util.GameUtils lambda$0
INFO: Tempo rimanente: 53 secondi
set 19, 2025 11:28:13 AM util.GameUtils lambda$0
INFO: Tempo rimanente: 9 secondi
set 19, 2025 11:28:13 AM util.GameUtils lambda$0
INFO: Tempo rimanente: 52 secondi
set 19, 2025 11:28:14 AM util.GameUtils lambda$0
INFO: Tempo rimanente: 8 secondi
set 19, 2025 11:28:14 AM util.GameUtils lambda$0
INFO: Tempo rimanente: 51 secondi
set 19, 2025 11:28:17 AM Main main
INFO: Inizializzazione del server e della logica di gioco...
set 19, 2025 11:28:17 AM Main initializeGameState
INFO: Stato del gioco trovato. Caricamento in corso...
set 19, 2025 11:28:17 AM util.GameUtils lambda$0
INFO: Tempo rimanente: 50 secondi
set 19, 2025 11:28:17 AM Main startServer
INFO: Server avviato correttamente e pronto a gestire le richieste.
set 19, 2025 11:28:18 AM util.GameUtils lambda$0
INFO: Tempo rimanente: 49 secondi
set 19, 2025 11:28:19 AM util.GameUtils lambda$0
INFO: Tempo rimanente: 48 secondi
set 19, 2025 11:28:20 AM util.GameUtils lambda$0
INFO: Tempo rimanente: 47 secondi
set 19, 2025 11:28:21 AM util.GameUtils lambda$0
INFO: Tempo rimanente: 46 secondi
set 19, 2025 11:28:22 AM util.GameUtils lambda$0
INFO: Tempo rimanente: 45 secondi
set 19, 2025 11:28:23 AM util.GameUtils lambda$0
INFO: Tempo rimanente: 44 secondi
set 19, 2025 11:28:24 AM util.GameUtils lambda$0
INFO: Tempo rimanente: 43 secondi
set 19, 2025 11:28:25 AM util.GameUtils lambda$0
INFO: Tempo rimanente: 42 secondi
set 19, 2025 11:28:26 AM util.GameUtils lambda$0
INFO: Tempo rimanente: 41 secondi
set 19, 2025 11:28:26 AM server.ServerManager lambda$4
INFO: Richiesta di riavvio del gioco ricevuta.
set 19, 2025 11:28:26 AM server.ServerManager lambda$4
INFO: Motore fisico riavviato.
set 19, 2025 11:28:26 AM server.ServerManager lambda$4
INFO: Timer del gioco riavviato.
set 19, 2025 11:28:26 AM util.GameUtils lambda$0
INFO: Tempo rimanente: 60 secondi
set 19, 2025 11:28:27 AM util.GameUtils lambda$0
INFO: Tempo rimanente: 40 secondi
set 19, 2025 11:28:27 AM server.ServerManager lambda$4
INFO: Richiesta di riavvio del gioco ricevuta.
set 19, 2025 11:28:27 AM server.ServerManager lambda$4
INFO: Motore fisico riavviato.
set 19, 2025 11:28:27 AM server.ServerManager lambda$4
INFO: Timer del gioco riavviato.
set 19, 2025 11:28:27 AM util.GameUtils lambda$0
INFO: Tempo rimanente: 60 secondi
set 19, 2025 11:28:27 AM util.GameUtils lambda$0
INFO: Tempo rimanente: 59 secondi
set 19, 2025 11:28:28 AM util.GameUtils lambda$0
INFO: Tempo rimanente: 39 secondi
set 19, 2025 11:28:28 AM util.GameUtils lambda$0
INFO: Tempo rimanente: 59 secondi
set 19, 2025 11:28:28 AM util.GameUtils lambda$0
INFO: Tempo rimanente: 58 secondi
set 19, 2025 11:28:29 AM util.GameUtils lambda$0
INFO: Tempo rimanente: 38 secondi
set 19, 2025 11:28:29 AM util.GameUtils lambda$0
INFO: Tempo rimanente: 58 secondi
set 19, 2025 11:28:29 AM util.GameUtils lambda$0
INFO: Tempo rimanente: 57 secondi
set 19, 2025 11:28:30 AM util.GameUtils lambda$0
INFO: Tempo rimanente: 37 secondi
set 19, 2025 11:28:30 AM util.GameUtils lambda$0
INFO: Tempo rimanente: 57 secondi
set 19, 2025 11:28:30 AM util.GameUtils lambda$0
INFO: Tempo rimanente: 56 secondi
set 19, 2025 11:28:31 AM util.GameUtils lambda$0
INFO: Tempo rimanente: 36 secondi
set 19, 2025 11:28:31 AM util.GameUtils lambda$0
INFO: Tempo rimanente: 56 secondi
set 19, 2025 11:28:31 AM util.GameUtils lambda$0
INFO: Tempo rimanente: 55 secondi
set 19, 2025 11:28:32 AM util.GameUtils lambda$0
INFO: Tempo rimanente: 35 secondi
set 19, 2025 11:28:32 AM util.GameUtils lambda$0
INFO: Tempo rimanente: 55 secondi
set 19, 2025 11:28:32 AM util.GameUtils lambda$0
INFO: Tempo rimanente: 54 secondi
set 19, 2025 11:28:33 AM util.GameUtils lambda$0
INFO: Tempo rimanente: 34 secondi
set 19, 2025 11:28:33 AM util.GameUtils lambda$0
INFO: Tempo rimanente: 54 secondi
set 19, 2025 11:28:33 AM util.GameUtils lambda$0
INFO: Tempo rimanente: 53 secondi
set 19, 2025 11:28:34 AM util.GameUtils lambda$0
INFO: Tempo rimanente: 33 secondi
set 19, 2025 11:28:34 AM util.GameUtils lambda$0
INFO: Tempo rimanente: 53 secondi
set 19, 2025 11:28:34 AM util.GameUtils lambda$0
INFO: Tempo rimanente: 52 secondi
set 19, 2025 11:28:35 AM util.GameUtils lambda$0
INFO: Tempo rimanente: 32 secondi
set 19, 2025 11:28:35 AM util.GameUtils lambda$0
INFO: Tempo rimanente: 52 secondi
set 19, 2025 11:28:35 AM util.GameUtils lambda$0
INFO: Tempo rimanente: 51 secondi
set 19, 2025 11:28:36 AM util.GameUtils lambda$0
INFO: Tempo rimanente: 31 secondi
set 19, 2025 11:28:36 AM util.GameUtils lambda$0
INFO: Tempo rimanente: 51 secondi
set 19, 2025 11:28:36 AM util.GameUtils lambda$0
INFO: Tempo rimanente: 50 secondi
set 19, 2025 11:28:37 AM server.ServerManager lambda$4
INFO: Richiesta di riavvio del gioco ricevuta.
set 19, 2025 11:28:37 AM server.ServerManager lambda$4
INFO: Motore fisico riavviato.
set 19, 2025 11:28:37 AM server.ServerManager lambda$4
INFO: Timer del gioco riavviato.
set 19, 2025 11:28:37 AM util.GameUtils lambda$0
INFO: Tempo rimanente: 60 secondi
set 19, 2025 11:28:37 AM util.GameUtils lambda$0
INFO: Tempo rimanente: 30 secondi
set 19, 2025 11:28:37 AM util.GameUtils lambda$0
INFO: Tempo rimanente: 50 secondi
set 19, 2025 11:28:37 AM util.GameUtils lambda$0
INFO: Tempo rimanente: 49 secondi
set 19, 2025 11:28:38 AM util.GameUtils lambda$0
INFO: Tempo rimanente: 59 secondi
set 19, 2025 11:28:38 AM util.GameUtils lambda$0
INFO: Tempo rimanente: 29 secondi
set 19, 2025 11:28:38 AM util.GameUtils lambda$0
INFO: Tempo rimanente: 49 secondi
set 19, 2025 11:28:38 AM util.GameUtils lambda$0
INFO: Tempo rimanente: 48 secondi
set 19, 2025 11:28:39 AM util.GameUtils lambda$0
INFO: Tempo rimanente: 58 secondi
set 19, 2025 11:28:39 AM util.GameUtils lambda$0
INFO: Tempo rimanente: 28 secondi
set 19, 2025 11:28:39 AM server.ServerManager lambda$4
INFO: Richiesta di riavvio del gioco ricevuta.
set 19, 2025 11:28:39 AM server.ServerManager lambda$4
INFO: Motore fisico riavviato.
set 19, 2025 11:28:39 AM server.ServerManager lambda$4
INFO: Timer del gioco riavviato.
set 19, 2025 11:28:39 AM util.GameUtils lambda$0
INFO: Tempo rimanente: 60 secondi
set 19, 2025 11:28:39 AM util.GameUtils lambda$0
INFO: Tempo rimanente: 48 secondi
set 19, 2025 11:28:39 AM util.GameUtils lambda$0
INFO: Tempo rimanente: 47 secondi
set 19, 2025 11:28:40 AM util.GameUtils lambda$0
INFO: Tempo rimanente: 57 secondi
set 19, 2025 11:28:40 AM util.GameUtils lambda$0
INFO: Tempo rimanente: 27 secondi
set 19, 2025 11:28:40 AM util.GameUtils lambda$0
INFO: Tempo rimanente: 59 secondi
set 19, 2025 11:28:40 AM util.GameUtils lambda$0
INFO: Tempo rimanente: 47 secondi
set 19, 2025 11:28:40 AM util.GameUtils lambda$0
INFO: Tempo rimanente: 46 secondi
set 19, 2025 11:28:41 AM util.GameUtils lambda$0
INFO: Tempo rimanente: 56 secondi
set 19, 2025 11:28:41 AM util.GameUtils lambda$0
INFO: Tempo rimanente: 26 secondi
set 19, 2025 11:28:41 AM util.GameUtils lambda$0
INFO: Tempo rimanente: 58 secondi
set 19, 2025 11:28:41 AM util.GameUtils lambda$0
INFO: Tempo rimanente: 46 secondi
set 19, 2025 11:28:41 AM util.GameUtils lambda$0
INFO: Tempo rimanente: 45 secondi
set 19, 2025 11:28:42 AM util.GameUtils lambda$0
INFO: Tempo rimanente: 55 secondi
set 19, 2025 11:28:42 AM util.GameUtils lambda$0
INFO: Tempo rimanente: 25 secondi
set 19, 2025 11:28:42 AM util.GameUtils lambda$0
INFO: Tempo rimanente: 57 secondi
set 19, 2025 11:28:42 AM util.GameUtils lambda$0
INFO: Tempo rimanente: 45 secondi
set 19, 2025 11:28:42 AM util.GameUtils lambda$0
INFO: Tempo rimanente: 44 secondi
set 19, 2025 11:28:43 AM util.GameUtils lambda$0
INFO: Tempo rimanente: 54 secondi
set 19, 2025 11:28:43 AM util.GameUtils lambda$0
INFO: Tempo rimanente: 24 secondi
set 19, 2025 11:28:43 AM util.GameUtils lambda$0
INFO: Tempo rimanente: 56 secondi
set 19, 2025 11:28:50 AM Main main
INFO: Inizializzazione del server e della logica di gioco...
set 19, 2025 11:28:50 AM Main initializeGameState
INFO: Stato del gioco trovato. Caricamento in corso...
set 19, 2025 11:28:50 AM util.GameUtils lambda$0
INFO: Tempo rimanente: 50 secondi
set 19, 2025 11:28:50 AM Main startServer
INFO: Server avviato correttamente e pronto a gestire le richieste.
set 19, 2025 11:28:51 AM util.GameUtils lambda$0
INFO: Tempo rimanente: 49 secondi
set 19, 2025 11:28:52 AM util.GameUtils lambda$0
INFO: Tempo rimanente: 48 secondi
set 19, 2025 11:28:53 AM util.GameUtils lambda$0
INFO: Tempo rimanente: 47 secondi
set 19, 2025 11:28:54 AM util.GameUtils lambda$0
INFO: Tempo rimanente: 46 secondi
set 19, 2025 11:28:55 AM util.GameUtils lambda$0
INFO: Tempo rimanente: 45 secondi
set 19, 2025 11:28:56 AM util.GameUtils lambda$0
INFO: Tempo rimanente: 44 secondi
set 19, 2025 11:28:57 AM util.GameUtils lambda$0
INFO: Tempo rimanente: 43 secondi
set 19, 2025 11:28:58 AM util.GameUtils lambda$0
INFO: Tempo rimanente: 42 secondi
set 19, 2025 11:28:59 AM util.GameUtils lambda$0
INFO: Tempo rimanente: 41 secondi
set 19, 2025 11:29:00 AM util.GameUtils lambda$0
INFO: Tempo rimanente: 40 secondi
set 19, 2025 11:29:01 AM util.GameUtils lambda$0
INFO: Tempo rimanente: 39 secondi
set 19, 2025 11:29:03 AM util.GameUtils lambda$0
INFO: Tempo rimanente: 38 secondi
set 19, 2025 11:29:04 AM util.GameUtils lambda$0
INFO: Tempo rimanente: 37 secondi
set 19, 2025 11:29:05 AM util.GameUtils lambda$0
INFO: Tempo rimanente: 36 secondi
set 19, 2025 11:29:06 AM util.GameUtils lambda$0
INFO: Tempo rimanente: 35 secondi
set 19, 2025 11:29:07 AM util.GameUtils lambda$0
INFO: Tempo rimanente: 34 secondi
set 19, 2025 11:29:08 AM util.GameUtils lambda$0
INFO: Tempo rimanente: 33 secondi
set 19, 2025 11:29:09 AM util.GameUtils lambda$0
INFO: Tempo rimanente: 32 secondi
set 19, 2025 11:29:10 AM util.GameUtils lambda$0
INFO: Tempo rimanente: 31 secondi
set 19, 2025 11:29:11 AM util.GameUtils lambda$0
INFO: Tempo rimanente: 30 secondi
set 19, 2025 11:29:12 AM util.GameUtils lambda$0
INFO: Tempo rimanente: 29 secondi
set 19, 2025 11:29:13 AM util.GameUtils lambda$0
INFO: Tempo rimanente: 28 secondi
set 19, 2025 11:29:14 AM util.GameUtils lambda$0
INFO: Tempo rimanente: 27 secondi
set 19, 2025 11:29:15 AM util.GameUtils lambda$0
INFO: Tempo rimanente: 26 secondi
set 19, 2025 11:29:16 AM util.GameUtils lambda$0
INFO: Tempo rimanente: 25 secondi
set 19, 2025 11:29:17 AM util.GameUtils lambda$0
INFO: Tempo rimanente: 24 secondi
set 19, 2025 11:29:18 AM util.GameUtils lambda$0
INFO: Tempo rimanente: 23 secondi
set 19, 2025 11:29:19 AM util.GameUtils lambda$0
INFO: Tempo rimanente: 22 secondi
set 19, 2025 11:29:20 AM util.GameUtils lambda$0
INFO: Tempo rimanente: 21 secondi
set 19, 2025 11:29:21 AM util.GameUtils lambda$0
INFO: Tempo rimanente: 20 secondi
set 19, 2025 11:29:22 AM util.GameUtils lambda$0
INFO: Tempo rimanente: 19 secondi
set 19, 2025 11:29:23 AM util.GameUtils lambda$0
INFO: Tempo rimanente: 18 secondi
set 19, 2025 11:29:24 AM util.GameUtils lambda$0
INFO: Tempo rimanente: 17 secondi
set 19, 2025 11:29:25 AM util.GameUtils lambda$0
INFO: Tempo rimanente: 16 secondi
set 19, 2025 11:29:26 AM util.GameUtils lambda$0
INFO: Tempo rimanente: 15 secondi
set 19, 2025 11:29:27 AM util.GameUtils lambda$0
INFO: Tempo rimanente: 14 secondi
set 19, 2025 11:29:28 AM util.GameUtils lambda$0
INFO: Tempo rimanente: 13 secondi
set 19, 2025 11:29:29 AM util.GameUtils lambda$0
INFO: Tempo rimanente: 12 secondi
set 19, 2025 11:29:30 AM util.GameUtils lambda$0
INFO: Tempo rimanente: 11 secondi
set 19, 2025 11:29:31 AM util.GameUtils lambda$0
INFO: Tempo rimanente: 10 secondi
set 19, 2025 11:29:32 AM util.GameUtils lambda$0
INFO: Tempo rimanente: 9 secondi
set 19, 2025 11:29:33 AM util.GameUtils lambda$0
INFO: Tempo rimanente: 8 secondi
set 19, 2025 11:29:34 AM util.GameUtils lambda$0
INFO: Tempo rimanente: 7 secondi
set 19, 2025 11:29:35 AM util.GameUtils lambda$0
INFO: Tempo rimanente: 6 secondi
set 19, 2025 11:29:36 AM util.GameUtils lambda$0
INFO: Tempo rimanente: 5 secondi
set 19, 2025 11:29:37 AM util.GameUtils lambda$0
INFO: Tempo rimanente: 4 secondi
set 19, 2025 11:29:38 AM util.GameUtils lambda$0
INFO: Tempo rimanente: 3 secondi
set 19, 2025 11:29:39 AM util.GameUtils lambda$0
INFO: Tempo rimanente: 2 secondi
set 19, 2025 11:29:40 AM util.GameUtils lambda$0
INFO: Tempo rimanente: 1 secondi
